Analysis & Synthesis report for 16mux
Sun Feb 09 16:31:34 2020
Quartus Prime Version 17.1.0 Build 590 10/25/2017 SJ Lite Edition


---------------------
; Table of Contents ;
---------------------
  1. Legal Notice
  2. Analysis & Synthesis Summary
  3. Analysis & Synthesis Settings
  4. Parallel Compilation
  5. Analysis & Synthesis Source Files Read
  6. Analysis & Synthesis Resource Usage Summary
  7. Analysis & Synthesis Resource Utilization by Entity
  8. General Register Statistics
  9. Post-Synthesis Netlist Statistics for Top Partition
 10. Elapsed Time Per Partition
 11. Analysis & Synthesis Messages



----------------
; Legal Notice ;
----------------
Copyright (C) 2017  Intel Corporation. All rights reserved.
Your use of Intel Corporation's design tools, logic functions 
and other software and tools, and its AMPP partner logic 
functions, and any output files from any of the foregoing 
(including device programming or simulation files), and any 
associated documentation or information are expressly subject 
to the terms and conditions of the Intel Program License 
Subscription Agreement, the Intel Quartus Prime License Agreement,
the Intel FPGA IP License Agreement, or other applicable license
agreement, including, without limitation, that your use is for
the sole purpose of programming logic devices manufactured by
Intel and sold by Intel or its authorized distributors.  Please
refer to the applicable agreement for further details.



+-------------------------------------------------------------------------------+
; Analysis & Synthesis Summary                                                  ;
+---------------------------------+---------------------------------------------+
; Analysis & Synthesis Status     ; Successful - Sun Feb 09 16:31:34 2020       ;
; Quartus Prime Version           ; 17.1.0 Build 590 10/25/2017 SJ Lite Edition ;
; Revision Name                   ; 16mux                                       ;
; Top-level Entity Name           ; mux16                                       ;
; Family                          ; Cyclone V                                   ;
; Logic utilization (in ALMs)     ; N/A                                         ;
; Total registers                 ; 0                                           ;
; Total pins                      ; 21                                          ;
; Total virtual pins              ; 0                                           ;
; Total block memory bits         ; 0                                           ;
; Total DSP Blocks                ; 0                                           ;
; Total HSSI RX PCSs              ; 0                                           ;
; Total HSSI PMA RX Deserializers ; 0                                           ;
; Total HSSI TX PCSs              ; 0                                           ;
; Total HSSI PMA TX Serializers   ; 0                                           ;
; Total PLLs                      ; 0                                           ;
; Total DLLs                      ; 0                                           ;
+---------------------------------+---------------------------------------------+


+---------------------------------------------------------------------------------------------------------------------------+
; Analysis & Synthesis Settings                                                                                             ;
+---------------------------------------------------------------------------------+--------------------+--------------------+
; Option                                                                          ; Setting            ; Default Value      ;
+---------------------------------------------------------------------------------+--------------------+--------------------+
; Device                                                                          ; 5CGXFC7C7F23C8     ;                    ;
; Top-level entity name                                                           ; mux16              ; 16mux              ;
; Family name                                                                     ; Cyclone V          ; Cyclone V          ;
; Use smart compilation                                                           ; Off                ; Off                ;
; Enable parallel Assembler and TimeQuest Timing Analyzer during compilation      ; On                 ; On                 ;
; Enable compact report table                                                     ; Off                ; Off                ;
; Restructure Multiplexers                                                        ; Auto               ; Auto               ;
; MLAB Add Timing Constraints For Mixed-Port Feed-Through Mode Setting Don't Care ; Off                ; Off                ;
; Create Debugging Nodes for IP Cores                                             ; Off                ; Off                ;
; Preserve fewer node names                                                       ; On                 ; On                 ;
; Intel FPGA IP Evaluation Mode                                                   ; Enable             ; Enable             ;
; Verilog Version                                                                 ; Verilog_2001       ; Verilog_2001       ;
; VHDL Version                                                                    ; VHDL_1993          ; VHDL_1993          ;
; State Machine Processing                                                        ; Auto               ; Auto               ;
; Safe State Machine                                                              ; Off                ; Off                ;
; Extract Verilog State Machines                                                  ; On                 ; On                 ;
; Extract VHDL State Machines                                                     ; On                 ; On                 ;
; Ignore Verilog initial constructs                                               ; Off                ; Off                ;
; Iteration limit for constant Verilog loops                                      ; 5000               ; 5000               ;
; Iteration limit for non-constant Verilog loops                                  ; 250                ; 250                ;
; Add Pass-Through Logic to Inferred RAMs                                         ; On                 ; On                 ;
; Infer RAMs from Raw Logic                                                       ; On                 ; On                 ;
; Parallel Synthesis                                                              ; On                 ; On                 ;
; DSP Block Balancing                                                             ; Auto               ; Auto               ;
; NOT Gate Push-Back                                                              ; On                 ; On                 ;
; Power-Up Don't Care                                                             ; On                 ; On                 ;
; Remove Redundant Logic Cells                                                    ; Off                ; Off                ;
; Remove Duplicate Registers                                                      ; On                 ; On                 ;
; Ignore CARRY Buffers                                                            ; Off                ; Off                ;
; Ignore CASCADE Buffers                                                          ; Off                ; Off                ;
; Ignore GLOBAL Buffers                                                           ; Off                ; Off                ;
; Ignore ROW GLOBAL Buffers                                                       ; Off                ; Off                ;
; Ignore LCELL Buffers                                                            ; Off                ; Off                ;
; Ignore SOFT Buffers                                                             ; On                 ; On                 ;
; Limit AHDL Integers to 32 Bits                                                  ; Off                ; Off                ;
; Optimization Technique                                                          ; Balanced           ; Balanced           ;
; Carry Chain Length                                                              ; 70                 ; 70                 ;
; Auto Carry Chains                                                               ; On                 ; On                 ;
; Auto Open-Drain Pins                                                            ; On                 ; On                 ;
; Perform WYSIWYG Primitive Resynthesis                                           ; Off                ; Off                ;
; Auto ROM Replacement                                                            ; On                 ; On                 ;
; Auto RAM Replacement                                                            ; On                 ; On                 ;
; Auto DSP Block Replacement                                                      ; On                 ; On                 ;
; Auto Shift Register Replacement                                                 ; Auto               ; Auto               ;
; Allow Shift Register Merging across Hierarchies                                 ; Auto               ; Auto               ;
; Auto Clock Enable Replacement                                                   ; On                 ; On                 ;
; Strict RAM Replacement                                                          ; Off                ; Off                ;
; Allow Synchronous Control Signals                                               ; On                 ; On                 ;
; Force Use of Synchronous Clear Signals                                          ; Off                ; Off                ;
; Auto Resource Sharing                                                           ; Off                ; Off                ;
; Allow Any RAM Size For Recognition                                              ; Off                ; Off                ;
; Allow Any ROM Size For Recognition                                              ; Off                ; Off                ;
; Allow Any Shift Register Size For Recognition                                   ; Off                ; Off                ;
; Use LogicLock Constraints during Resource Balancing                             ; On                 ; On                 ;
; Ignore translate_off and synthesis_off directives                               ; Off                ; Off                ;
; Timing-Driven Synthesis                                                         ; On                 ; On                 ;
; Report Parameter Settings                                                       ; On                 ; On                 ;
; Report Source Assignments                                                       ; On                 ; On                 ;
; Report Connectivity Checks                                                      ; On                 ; On                 ;
; Ignore Maximum Fan-Out Assignments                                              ; Off                ; Off                ;
; Synchronization Register Chain Length                                           ; 3                  ; 3                  ;
; Power Optimization During Synthesis                                             ; Normal compilation ; Normal compilation ;
; HDL message level                                                               ; Level2             ; Level2             ;
; Suppress Register Optimization Related Messages                                 ; Off                ; Off                ;
; Number of Removed Registers Reported in Synthesis Report                        ; 5000               ; 5000               ;
; Number of Swept Nodes Reported in Synthesis Report                              ; 5000               ; 5000               ;
; Number of Inverted Registers Reported in Synthesis Report                       ; 100                ; 100                ;
; Clock MUX Protection                                                            ; On                 ; On                 ;
; Auto Gated Clock Conversion                                                     ; Off                ; Off                ;
; Block Design Naming                                                             ; Auto               ; Auto               ;
; SDC constraint protection                                                       ; Off                ; Off                ;
; Synthesis Effort                                                                ; Auto               ; Auto               ;
; Shift Register Replacement - Allow Asynchronous Clear Signal                    ; On                 ; On                 ;
; Pre-Mapping Resynthesis Optimization                                            ; Off                ; Off                ;
; Analysis & Synthesis Message Level                                              ; Medium             ; Medium             ;
; Disable Register Merging Across Hierarchies                                     ; Auto               ; Auto               ;
; Resource Aware Inference For Block RAM                                          ; On                 ; On                 ;
; Automatic Parallel Synthesis                                                    ; On                 ; On                 ;
; Partial Reconfiguration Bitstream ID                                            ; Off                ; Off                ;
+---------------------------------------------------------------------------------+--------------------+--------------------+


+------------------------------------------+
; Parallel Compilation                     ;
+----------------------------+-------------+
; Processors                 ; Number      ;
+----------------------------+-------------+
; Number detected on machine ; 8           ;
; Maximum allowed            ; 4           ;
;                            ;             ;
; Average used               ; 1.00        ;
; Maximum used               ; 1           ;
;                            ;             ;
; Usage by Processor         ; % Time Used ;
;     Processor 1            ; 100.0%      ;
+----------------------------+-------------+


+-----------------------------------------------------------------------------------------------------------------------+
; Analysis & Synthesis Source Files Read                                                                                ;
+----------------------------------+-----------------+-----------------+--------------------------------------+---------+
; File Name with User-Entered Path ; Used in Netlist ; File Type       ; File Name with Absolute Path         ; Library ;
+----------------------------------+-----------------+-----------------+--------------------------------------+---------+
; 16mux.vhd                        ; yes             ; User VHDL File  ; D:/intelFPGA_lite/A1_Task3/16mux.vhd ;         ;
+----------------------------------+-----------------+-----------------+--------------------------------------+---------+


+--------------------------------------------------------+
; Analysis & Synthesis Resource Usage Summary            ;
+---------------------------------------------+----------+
; Resource                                    ; Usage    ;
+---------------------------------------------+----------+
; Estimate of Logic utilization (ALMs needed) ; 5        ;
;                                             ;          ;
; Combinational ALUT usage for logic          ; 5        ;
;     -- 7 input functions                    ; 0        ;
;     -- 6 input functions                    ; 5        ;
;     -- 5 input functions                    ; 0        ;
;     -- 4 input functions                    ; 0        ;
;     -- <=3 input functions                  ; 0        ;
;                                             ;          ;
; Dedicated logic registers                   ; 0        ;
;                                             ;          ;
; I/O pins                                    ; 21       ;
;                                             ;          ;
; Total DSP Blocks                            ; 0        ;
;                                             ;          ;
; Maximum fan-out node                        ; s3~input ;
; Maximum fan-out                             ; 4        ;
; Total fan-out                               ; 52       ;
; Average fan-out                             ; 1.11     ;
+---------------------------------------------+----------+


+-----------------------------------------------------------------------------------------------------------------------------------------------------------------------------------------------+
; Analysis & Synthesis Resource Utilization by Entity                                                                                                                                           ;
+----------------------------+---------------------+---------------------------+-------------------+------------+------+--------------+----------------------------+-------------+--------------+
; Compilation Hierarchy Node ; Combinational ALUTs ; Dedicated Logic Registers ; Block Memory Bits ; DSP Blocks ; Pins ; Virtual Pins ; Full Hierarchy Name        ; Entity Name ; Library Name ;
+----------------------------+---------------------+---------------------------+-------------------+------------+------+--------------+----------------------------+-------------+--------------+
; |mux16                     ; 5 (0)               ; 0 (0)                     ; 0                 ; 0          ; 21   ; 0            ; |mux16                     ; mux16       ; work         ;
;    |mux2:mux2_1|           ; 5 (0)               ; 0 (0)                     ; 0                 ; 0          ; 0    ; 0            ; |mux16|mux2:mux2_1         ; mux2        ; work         ;
;       |or_2:O1|            ; 5 (5)               ; 0 (0)                     ; 0                 ; 0          ; 0    ; 0            ; |mux16|mux2:mux2_1|or_2:O1 ; or_2        ; work         ;
+----------------------------+---------------------+---------------------------+-------------------+------------+------+--------------+----------------------------+-------------+--------------+
Note: For table entries with two numbers listed, the numbers in parentheses indicate the number of resources of the given type used by the specific entity alone. The numbers listed outside of parentheses indicate the total resources of the given type used by the specific entity and all of its sub-entities in the hierarchy.


+------------------------------------------------------+
; General Register Statistics                          ;
+----------------------------------------------+-------+
; Statistic                                    ; Value ;
+----------------------------------------------+-------+
; Total registers                              ; 0     ;
; Number of registers using Synchronous Clear  ; 0     ;
; Number of registers using Synchronous Load   ; 0     ;
; Number of registers using Asynchronous Clear ; 0     ;
; Number of registers using Asynchronous Load  ; 0     ;
; Number of registers using Clock Enable       ; 0     ;
; Number of registers using Preset             ; 0     ;
+----------------------------------------------+-------+


+-----------------------------------------------------+
; Post-Synthesis Netlist Statistics for Top Partition ;
+-----------------------+-----------------------------+
; Type                  ; Count                       ;
+-----------------------+-----------------------------+
; arriav_lcell_comb     ; 5                           ;
;     normal            ; 5                           ;
;         6 data inputs ; 5                           ;
; boundary_port         ; 21                          ;
;                       ;                             ;
; Max LUT depth         ; 2.00                        ;
; Average LUT depth     ; 1.92                        ;
+-----------------------+-----------------------------+


+-------------------------------+
; Elapsed Time Per Partition    ;
+----------------+--------------+
; Partition Name ; Elapsed Time ;
+----------------+--------------+
; Top            ; 00:00:03     ;
+----------------+--------------+


+-------------------------------+
; Analysis & Synthesis Messages ;
+-------------------------------+
Info: *******************************************************************
Info: Running Quartus Prime Analysis & Synthesis
    Info: Version 17.1.0 Build 590 10/25/2017 SJ Lite Edition
    Info: Processing started: Sun Feb 09 16:31:16 2020
Info: Command: quartus_map --read_settings_files=on --write_settings_files=off 16mux -c 16mux
Warning (18236): Number of processors has not been specified which may cause overloading on shared machines.  Set the global assignment NUM_PARALLEL_PROCESSORS in your QSF to an appropriate value for best performance.
Info (20030): Parallel compilation is enabled and will use 4 of the 4 processors detected
Info (12021): Found 16 design units, including 8 entities, in source file 16mux.vhd
    Info (12022): Found design unit 1: and_2-design_and_2 File: D:/intelFPGA_lite/A1_Task3/16mux.vhd Line: 9
    Info (12022): Found design unit 2: and_4-design_and_4 File: D:/intelFPGA_lite/A1_Task3/16mux.vhd Line: 22
    Info (12022): Found design unit 3: or_2-design_or_2 File: D:/intelFPGA_lite/A1_Task3/16mux.vhd Line: 35
    Info (12022): Found design unit 4: or_8-design_or_8 File: D:/intelFPGA_lite/A1_Task3/16mux.vhd Line: 48
    Info (12022): Found design unit 5: inv-design_inv File: D:/intelFPGA_lite/A1_Task3/16mux.vhd Line: 61
    Info (12022): Found design unit 6: mux8-design_mux8 File: D:/intelFPGA_lite/A1_Task3/16mux.vhd Line: 75
    Info (12022): Found design unit 7: mux2-design_mux2 File: D:/intelFPGA_lite/A1_Task3/16mux.vhd Line: 121
    Info (12022): Found design unit 8: mux16-design_mux16 File: D:/intelFPGA_lite/A1_Task3/16mux.vhd Line: 161
    Info (12023): Found entity 1: and_2 File: D:/intelFPGA_lite/A1_Task3/16mux.vhd Line: 4
    Info (12023): Found entity 2: and_4 File: D:/intelFPGA_lite/A1_Task3/16mux.vhd Line: 17
    Info (12023): Found entity 3: or_2 File: D:/intelFPGA_lite/A1_Task3/16mux.vhd Line: 30
    Info (12023): Found entity 4: or_8 File: D:/intelFPGA_lite/A1_Task3/16mux.vhd Line: 43
    Info (12023): Found entity 5: inv File: D:/intelFPGA_lite/A1_Task3/16mux.vhd Line: 56
    Info (12023): Found entity 6: mux8 File: D:/intelFPGA_lite/A1_Task3/16mux.vhd Line: 69
    Info (12023): Found entity 7: mux2 File: D:/intelFPGA_lite/A1_Task3/16mux.vhd Line: 115
    Info (12023): Found entity 8: mux16 File: D:/intelFPGA_lite/A1_Task3/16mux.vhd Line: 154
Info (12127): Elaborating entity "mux16" for the top level hierarchy
Info (12128): Elaborating entity "mux8" for hierarchy "mux8:mux8_1" File: D:/intelFPGA_lite/A1_Task3/16mux.vhd Line: 178
Warning (12031): LMF mapping record INV -> not is missing the "inv0" port mapping(s) for node "inv0" File: D:/intelFPGA_lite/A1_Task3/16mux.vhd Line: 95
    Warning (12032): Invalid port name "i1"
    Warning (12032): Invalid port name "F_inv"
Warning (12031): LMF mapping record INV -> not is missing the "inv1" port mapping(s) for node "inv1" File: D:/intelFPGA_lite/A1_Task3/16mux.vhd Line: 96
    Warning (12032): Invalid port name "i1"
    Warning (12032): Invalid port name "F_inv"
Warning (12031): LMF mapping record INV -> not is missing the "inv2" port mapping(s) for node "inv2" File: D:/intelFPGA_lite/A1_Task3/16mux.vhd Line: 97
    Warning (12032): Invalid port name "i1"
    Warning (12032): Invalid port name "F_inv"
Info (12128): Elaborating entity "inv" for hierarchy "mux8:mux8_1|inv:inv0" File: D:/intelFPGA_lite/A1_Task3/16mux.vhd Line: 95
Info (12128): Elaborating entity "and_4" for hierarchy "mux8:mux8_1|and_4:A1" File: D:/intelFPGA_lite/A1_Task3/16mux.vhd Line: 99
Info (12128): Elaborating entity "or_8" for hierarchy "mux8:mux8_1|or_8:O1" File: D:/intelFPGA_lite/A1_Task3/16mux.vhd Line: 108
Info (12128): Elaborating entity "mux2" for hierarchy "mux2:mux2_1" File: D:/intelFPGA_lite/A1_Task3/16mux.vhd Line: 181
Warning (12031): LMF mapping record INV -> not is missing the "inv0" port mapping(s) for node "inv0" File: D:/intelFPGA_lite/A1_Task3/16mux.vhd Line: 142
    Warning (12032): Invalid port name "i1"
    Warning (12032): Invalid port name "F_inv"
Info (12128): Elaborating entity "and_2" for hierarchy "mux2:mux2_1|and_2:A1" File: D:/intelFPGA_lite/A1_Task3/16mux.vhd Line: 144
Info (12128): Elaborating entity "or_2" for hierarchy "mux2:mux2_1|or_2:O1" File: D:/intelFPGA_lite/A1_Task3/16mux.vhd Line: 147
Info (286030): Timing-Driven Synthesis is running
Info (16010): Generating hard_block partition "hard_block:auto_generated_inst"
    Info (16011): Adding 0 node(s), including 0 DDIO, 0 PLL, 0 transceiver and 0 LCELL
Info (21057): Implemented 26 device resources after synthesis - the final resource count might be different
    Info (21058): Implemented 20 input pins
    Info (21059): Implemented 1 output pins
    Info (21061): Implemented 5 logic cells
Info: Quartus Prime Analysis & Synthesis was successful. 0 errors, 13 warnings
    Info: Peak virtual memory: 720 megabytes
    Info: Processing ended: Sun Feb 09 16:31:34 2020
    Info: Elapsed time: 00:00:18
    Info: Total CPU time (on all processors): 00:00:26


