Flow report for ward_switch_7
Sun Feb 16 23:39:54 2020
Quartus Prime Version 17.1.0 Build 590 10/25/2017 SJ Lite Edition


---------------------
; Table of Contents ;
---------------------
  1. Legal Notice
  2. Flow Summary
  3. Flow Settings
  4. Flow Non-Default Global Settings
  5. Flow Elapsed Time
  6. Flow OS Summary
  7. Flow Log
  8. Flow Messages
  9. Flow Suppressed Messages



----------------
; Legal Notice ;
----------------
Copyright (C) 2017  Intel Corporation. All rights reserved.
Your use of Intel Corporation's design tools, logic functions 
and other software and tools, and its AMPP partner logic 
functions, and any output files from any of the foregoing 
(including device programming or simulation files), and any 
associated documentation or information are expressly subject 
to the terms and conditions of the Intel Program License 
Subscription Agreement, the Intel Quartus Prime License Agreement,
the Intel FPGA IP License Agreement, or other applicable license
agreement, including, without limitation, that your use is for
the sole purpose of programming logic devices manufactured by
Intel and sold by Intel or its authorized distributors.  Please
refer to the applicable agreement for further details.



+-------------------------------------------------------------------------------+
; Flow Summary                                                                  ;
+---------------------------------+---------------------------------------------+
; Flow Status                     ; Successful - Sun Feb 16 23:39:54 2020       ;
; Quartus Prime Version           ; 17.1.0 Build 590 10/25/2017 SJ Lite Edition ;
; Revision Name                   ; ward_switch_7                               ;
; Top-level Entity Name           ; ward_switch_7                               ;
; Family                          ; Cyclone V                                   ;
; Device                          ; 5CGXFC7C7F23C8                              ;
; Timing Models                   ; Final                                       ;
; Logic utilization (in ALMs)     ; 10 / 56,480 ( < 1 % )                       ;
; Total registers                 ; 0                                           ;
; Total pins                      ; 18 / 268 ( 7 % )                            ;
; Total virtual pins              ; 0                                           ;
; Total block memory bits         ; 0 / 7,024,640 ( 0 % )                       ;
; Total DSP Blocks                ; 0 / 156 ( 0 % )                             ;
; Total HSSI RX PCSs              ; 0 / 6 ( 0 % )                               ;
; Total HSSI PMA RX Deserializers ; 0 / 6 ( 0 % )                               ;
; Total HSSI TX PCSs              ; 0 / 6 ( 0 % )                               ;
; Total HSSI PMA TX Serializers   ; 0 / 6 ( 0 % )                               ;
; Total PLLs                      ; 0 / 13 ( 0 % )                              ;
; Total DLLs                      ; 0 / 4 ( 0 % )                               ;
+---------------------------------+---------------------------------------------+


+-----------------------------------------+
; Flow Settings                           ;
+-------------------+---------------------+
; Option            ; Setting             ;
+-------------------+---------------------+
; Start date & time ; 02/16/2020 23:23:53 ;
; Main task         ; Compilation         ;
; Revision Name     ; ward_switch_7       ;
+-------------------+---------------------+


+-------------------------------------------------------------------------------------------------------------------------+
; Flow Non-Default Global Settings                                                                                        ;
+-------------------------------------+----------------------------------------+---------------+-------------+------------+
; Assignment Name                     ; Value                                  ; Default Value ; Entity Name ; Section Id ;
+-------------------------------------+----------------------------------------+---------------+-------------+------------+
; COMPILER_SIGNATURE_ID               ; 198382446174914.158190803300948        ; --            ; --          ; --         ;
; MAX_CORE_JUNCTION_TEMP              ; 85                                     ; --            ; --          ; --         ;
; MIN_CORE_JUNCTION_TEMP              ; 0                                      ; --            ; --          ; --         ;
; PARTITION_COLOR                     ; -- (Not supported for targeted family) ; --            ; --          ; Top        ;
; PARTITION_FITTER_PRESERVATION_LEVEL ; -- (Not supported for targeted family) ; --            ; --          ; Top        ;
; PARTITION_NETLIST_TYPE              ; -- (Not supported for targeted family) ; --            ; --          ; Top        ;
; PROJECT_OUTPUT_DIRECTORY            ; output_files                           ; --            ; --          ; --         ;
+-------------------------------------+----------------------------------------+---------------+-------------+------------+


+-------------------------------------------------------------------------------------------------------------------------------+
; Flow Elapsed Time                                                                                                             ;
+---------------------------+--------------+-------------------------+---------------------+------------------------------------+
; Module Name               ; Elapsed Time ; Average Processors Used ; Peak Virtual Memory ; Total CPU Time (on all processors) ;
+---------------------------+--------------+-------------------------+---------------------+------------------------------------+
; Analysis & Synthesis      ; 00:00:11     ; 1.0                     ; 712 MB              ; 00:00:26                           ;
; Fitter                    ; 00:00:31     ; 1.0                     ; 2454 MB             ; 00:00:59                           ;
; Assembler                 ; 00:00:08     ; 1.0                     ; 689 MB              ; 00:00:08                           ;
; TimeQuest Timing Analyzer ; 00:00:05     ; 1.0                     ; 982 MB              ; 00:00:05                           ;
; EDA Netlist Writer        ; 00:00:02     ; 1.0                     ; 569 MB              ; 00:00:01                           ;
; EDA Netlist Writer        ; 00:00:01     ; 1.0                     ; 577 MB              ; 00:00:01                           ;
; EDA Netlist Writer        ; 00:00:01     ; 1.0                     ; 568 MB              ; 00:00:01                           ;
; EDA Netlist Writer        ; 00:00:01     ; 1.0                     ; 577 MB              ; 00:00:01                           ;
; EDA Netlist Writer        ; 00:00:01     ; 1.0                     ; 568 MB              ; 00:00:01                           ;
; EDA Netlist Writer        ; 00:00:01     ; 1.0                     ; 577 MB              ; 00:00:01                           ;
; EDA Netlist Writer        ; 00:00:01     ; 1.0                     ; 568 MB              ; 00:00:01                           ;
; EDA Netlist Writer        ; 00:00:01     ; 1.0                     ; 577 MB              ; 00:00:01                           ;
; EDA Netlist Writer        ; 00:00:01     ; 1.0                     ; 568 MB              ; 00:00:01                           ;
; EDA Netlist Writer        ; 00:00:01     ; 1.0                     ; 577 MB              ; 00:00:01                           ;
; Total                     ; 00:01:06     ; --                      ; --                  ; 00:01:48                           ;
+---------------------------+--------------+-------------------------+---------------------+------------------------------------+


+----------------------------------------------------------------------------------------+
; Flow OS Summary                                                                        ;
+---------------------------+------------------+-----------+------------+----------------+
; Module Name               ; Machine Hostname ; OS Name   ; OS Version ; Processor type ;
+---------------------------+------------------+-----------+------------+----------------+
; Analysis & Synthesis      ; Lanz-PC          ; Windows 7 ; 6.1        ; x86_64         ;
; Fitter                    ; Lanz-PC          ; Windows 7 ; 6.1        ; x86_64         ;
; Assembler                 ; Lanz-PC          ; Windows 7 ; 6.1        ; x86_64         ;
; TimeQuest Timing Analyzer ; Lanz-PC          ; Windows 7 ; 6.1        ; x86_64         ;
; EDA Netlist Writer        ; Lanz-PC          ; Windows 7 ; 6.1        ; x86_64         ;
; EDA Netlist Writer        ; Lanz-PC          ; Windows 7 ; 6.1        ; x86_64         ;
; EDA Netlist Writer        ; Lanz-PC          ; Windows 7 ; 6.1        ; x86_64         ;
; EDA Netlist Writer        ; Lanz-PC          ; Windows 7 ; 6.1        ; x86_64         ;
; EDA Netlist Writer        ; Lanz-PC          ; Windows 7 ; 6.1        ; x86_64         ;
; EDA Netlist Writer        ; Lanz-PC          ; Windows 7 ; 6.1        ; x86_64         ;
; EDA Netlist Writer        ; Lanz-PC          ; Windows 7 ; 6.1        ; x86_64         ;
; EDA Netlist Writer        ; Lanz-PC          ; Windows 7 ; 6.1        ; x86_64         ;
; EDA Netlist Writer        ; Lanz-PC          ; Windows 7 ; 6.1        ; x86_64         ;
; EDA Netlist Writer        ; Lanz-PC          ; Windows 7 ; 6.1        ; x86_64         ;
+---------------------------+------------------+-----------+------------+----------------+


------------
; Flow Log ;
------------
quartus_map --read_settings_files=on --write_settings_files=off ward_switch_7 -c ward_switch_7
quartus_fit --read_settings_files=off --write_settings_files=off ward_switch_7 -c ward_switch_7
quartus_asm --read_settings_files=off --write_settings_files=off ward_switch_7 -c ward_switch_7
quartus_sta ward_switch_7 -c ward_switch_7
quartus_eda --gen_testbench --tool=modelsim_oem --format=vhdl --write_settings_files=off ward_switch_7 -c ward_switch_7 --vector_source=D:/intelFPGA_lite/program/A2_Task2/Waveform.vwf --testbench_file=D:/intelFPGA_lite/program/A2_Task2/simulation/qsim/Waveform.vwf.vht
quartus_eda --write_settings_files=off --simulation=on --functional=on --flatten_buses=off --tool=modelsim_oem --format=vhdl --output_directory=D:/intelFPGA_lite/program/A2_Task2/simulation/qsim/ ward_switch_7 -c ward_switch_7
quartus_eda --gen_testbench --tool=modelsim_oem --format=vhdl --write_settings_files=off ward_switch_7 -c ward_switch_7 --vector_source=D:/intelFPGA_lite/program/A2_Task2/Waveform.vwf --testbench_file=D:/intelFPGA_lite/program/A2_Task2/simulation/qsim/Waveform.vwf.vht
quartus_eda --write_settings_files=off --simulation=on --functional=on --flatten_buses=off --tool=modelsim_oem --format=vhdl --output_directory=D:/intelFPGA_lite/program/A2_Task2/simulation/qsim/ ward_switch_7 -c ward_switch_7
quartus_eda --gen_testbench --tool=modelsim_oem --format=vhdl --write_settings_files=off ward_switch_7 -c ward_switch_7 --vector_source=D:/intelFPGA_lite/program/A2_Task2/Waveform.vwf --testbench_file=D:/intelFPGA_lite/program/A2_Task2/simulation/qsim/Waveform.vwf.vht
quartus_eda --write_settings_files=off --simulation=on --functional=on --flatten_buses=off --tool=modelsim_oem --format=vhdl --output_directory=D:/intelFPGA_lite/program/A2_Task2/simulation/qsim/ ward_switch_7 -c ward_switch_7
quartus_eda --gen_testbench --tool=modelsim_oem --format=vhdl --write_settings_files=off ward_switch_7 -c ward_switch_7 --vector_source=D:/intelFPGA_lite/program/A2_Task2/Waveform.vwf --testbench_file=D:/intelFPGA_lite/program/A2_Task2/simulation/qsim/Waveform.vwf.vht
quartus_eda --write_settings_files=off --simulation=on --functional=on --flatten_buses=off --tool=modelsim_oem --format=vhdl --output_directory=D:/intelFPGA_lite/program/A2_Task2/simulation/qsim/ ward_switch_7 -c ward_switch_7
quartus_eda --gen_testbench --tool=modelsim_oem --format=vhdl --write_settings_files=off ward_switch_7 -c ward_switch_7 --vector_source=D:/intelFPGA_lite/program/A2_Task2/Waveform.vwf --testbench_file=D:/intelFPGA_lite/program/A2_Task2/simulation/qsim/Waveform.vwf.vht
quartus_eda --write_settings_files=off --simulation=on --functional=on --flatten_buses=off --tool=modelsim_oem --format=vhdl --output_directory=D:/intelFPGA_lite/program/A2_Task2/simulation/qsim/ ward_switch_7 -c ward_switch_7



