Analysis & Synthesis report for SportWatch
Sat Apr 11 00:10:43 2020
Quartus Prime Version 17.1.0 Build 590 10/25/2017 SJ Lite Edition


---------------------
; Table of Contents ;
---------------------
  1. Legal Notice
  2. Analysis & Synthesis Summary
  3. Analysis & Synthesis Settings
  4. Parallel Compilation
  5. Analysis & Synthesis Messages



----------------
; Legal Notice ;
----------------
Copyright (C) 2017  Intel Corporation. All rights reserved.
Your use of Intel Corporation's design tools, logic functions 
and other software and tools, and its AMPP partner logic 
functions, and any output files from any of the foregoing 
(including device programming or simulation files), and any 
associated documentation or information are expressly subject 
to the terms and conditions of the Intel Program License 
Subscription Agreement, the Intel Quartus Prime License Agreement,
the Intel FPGA IP License Agreement, or other applicable license
agreement, including, without limitation, that your use is for
the sole purpose of programming logic devices manufactured by
Intel and sold by Intel or its authorized distributors.  Please
refer to the applicable agreement for further details.



+---------------------------------------------------------------------------+
; Analysis & Synthesis Summary                                              ;
+-----------------------------+---------------------------------------------+
; Analysis & Synthesis Status ; Failed - Sat Apr 11 00:10:43 2020           ;
; Quartus Prime Version       ; 17.1.0 Build 590 10/25/2017 SJ Lite Edition ;
; Revision Name               ; SportWatch                                  ;
; Top-level Entity Name       ; SportWatch                                  ;
; Family                      ; Cyclone V                                   ;
; Logic utilization (in ALMs) ; N/A until Partition Merge                   ;
; Total registers             ; N/A until Partition Merge                   ;
; Total pins                  ; N/A until Partition Merge                   ;
; Total virtual pins          ; N/A until Partition Merge                   ;
; Total block memory bits     ; N/A until Partition Merge                   ;
; Total PLLs                  ; N/A until Partition Merge                   ;
; Total DLLs                  ; N/A until Partition Merge                   ;
+-----------------------------+---------------------------------------------+


+---------------------------------------------------------------------------------------------------------------------------+
; Analysis & Synthesis Settings                                                                                             ;
+---------------------------------------------------------------------------------+--------------------+--------------------+
; Option                                                                          ; Setting            ; Default Value      ;
+---------------------------------------------------------------------------------+--------------------+--------------------+
; Device                                                                          ; 5CGXFC7C7F23C8     ;                    ;
; Top-level entity name                                                           ; SportWatch         ; SportWatch         ;
; Family name                                                                     ; Cyclone V          ; Cyclone V          ;
; Use smart compilation                                                           ; Off                ; Off                ;
; Enable parallel Assembler and TimeQuest Timing Analyzer during compilation      ; On                 ; On                 ;
; Enable compact report table                                                     ; Off                ; Off                ;
; Restructure Multiplexers                                                        ; Auto               ; Auto               ;
; MLAB Add Timing Constraints For Mixed-Port Feed-Through Mode Setting Don't Care ; Off                ; Off                ;
; Create Debugging Nodes for IP Cores                                             ; Off                ; Off                ;
; Preserve fewer node names                                                       ; On                 ; On                 ;
; Intel FPGA IP Evaluation Mode                                                   ; Enable             ; Enable             ;
; Verilog Version                                                                 ; Verilog_2001       ; Verilog_2001       ;
; VHDL Version                                                                    ; VHDL_1993          ; VHDL_1993          ;
; State Machine Processing                                                        ; Auto               ; Auto               ;
; Safe State Machine                                                              ; Off                ; Off                ;
; Extract Verilog State Machines                                                  ; On                 ; On                 ;
; Extract VHDL State Machines                                                     ; On                 ; On                 ;
; Ignore Verilog initial constructs                                               ; Off                ; Off                ;
; Iteration limit for constant Verilog loops                                      ; 5000               ; 5000               ;
; Iteration limit for non-constant Verilog loops                                  ; 250                ; 250                ;
; Add Pass-Through Logic to Inferred RAMs                                         ; On                 ; On                 ;
; Infer RAMs from Raw Logic                                                       ; On                 ; On                 ;
; Parallel Synthesis                                                              ; On                 ; On                 ;
; DSP Block Balancing                                                             ; Auto               ; Auto               ;
; NOT Gate Push-Back                                                              ; On                 ; On                 ;
; Power-Up Don't Care                                                             ; On                 ; On                 ;
; Remove Redundant Logic Cells                                                    ; Off                ; Off                ;
; Remove Duplicate Registers                                                      ; On                 ; On                 ;
; Ignore CARRY Buffers                                                            ; Off                ; Off                ;
; Ignore CASCADE Buffers                                                          ; Off                ; Off                ;
; Ignore GLOBAL Buffers                                                           ; Off                ; Off                ;
; Ignore ROW GLOBAL Buffers                                                       ; Off                ; Off                ;
; Ignore LCELL Buffers                                                            ; Off                ; Off                ;
; Ignore SOFT Buffers                                                             ; On                 ; On                 ;
; Limit AHDL Integers to 32 Bits                                                  ; Off                ; Off                ;
; Optimization Technique                                                          ; Balanced           ; Balanced           ;
; Carry Chain Length                                                              ; 70                 ; 70                 ;
; Auto Carry Chains                                                               ; On                 ; On                 ;
; Auto Open-Drain Pins                                                            ; On                 ; On                 ;
; Perform WYSIWYG Primitive Resynthesis                                           ; Off                ; Off                ;
; Auto ROM Replacement                                                            ; On                 ; On                 ;
; Auto RAM Replacement                                                            ; On                 ; On                 ;
; Auto DSP Block Replacement                                                      ; On                 ; On                 ;
; Auto Shift Register Replacement                                                 ; Auto               ; Auto               ;
; Allow Shift Register Merging across Hierarchies                                 ; Auto               ; Auto               ;
; Auto Clock Enable Replacement                                                   ; On                 ; On                 ;
; Strict RAM Replacement                                                          ; Off                ; Off                ;
; Allow Synchronous Control Signals                                               ; On                 ; On                 ;
; Force Use of Synchronous Clear Signals                                          ; Off                ; Off                ;
; Auto Resource Sharing                                                           ; Off                ; Off                ;
; Allow Any RAM Size For Recognition                                              ; Off                ; Off                ;
; Allow Any ROM Size For Recognition                                              ; Off                ; Off                ;
; Allow Any Shift Register Size For Recognition                                   ; Off                ; Off                ;
; Use LogicLock Constraints during Resource Balancing                             ; On                 ; On                 ;
; Ignore translate_off and synthesis_off directives                               ; Off                ; Off                ;
; Timing-Driven Synthesis                                                         ; On                 ; On                 ;
; Report Parameter Settings                                                       ; On                 ; On                 ;
; Report Source Assignments                                                       ; On                 ; On                 ;
; Report Connectivity Checks                                                      ; On                 ; On                 ;
; Ignore Maximum Fan-Out Assignments                                              ; Off                ; Off                ;
; Synchronization Register Chain Length                                           ; 3                  ; 3                  ;
; Power Optimization During Synthesis                                             ; Normal compilation ; Normal compilation ;
; HDL message level                                                               ; Level2             ; Level2             ;
; Suppress Register Optimization Related Messages                                 ; Off                ; Off                ;
; Number of Removed Registers Reported in Synthesis Report                        ; 5000               ; 5000               ;
; Number of Swept Nodes Reported in Synthesis Report                              ; 5000               ; 5000               ;
; Number of Inverted Registers Reported in Synthesis Report                       ; 100                ; 100                ;
; Clock MUX Protection                                                            ; On                 ; On                 ;
; Auto Gated Clock Conversion                                                     ; Off                ; Off                ;
; Block Design Naming                                                             ; Auto               ; Auto               ;
; SDC constraint protection                                                       ; Off                ; Off                ;
; Synthesis Effort                                                                ; Auto               ; Auto               ;
; Shift Register Replacement - Allow Asynchronous Clear Signal                    ; On                 ; On                 ;
; Pre-Mapping Resynthesis Optimization                                            ; Off                ; Off                ;
; Analysis & Synthesis Message Level                                              ; Medium             ; Medium             ;
; Disable Register Merging Across Hierarchies                                     ; Auto               ; Auto               ;
; Resource Aware Inference For Block RAM                                          ; On                 ; On                 ;
; Automatic Parallel Synthesis                                                    ; On                 ; On                 ;
; Partial Reconfiguration Bitstream ID                                            ; Off                ; Off                ;
+---------------------------------------------------------------------------------+--------------------+--------------------+


+------------------------------------------+
; Parallel Compilation                     ;
+----------------------------+-------------+
; Processors                 ; Number      ;
+----------------------------+-------------+
; Number detected on machine ; 8           ;
; Maximum allowed            ; 4           ;
;                            ;             ;
; Average used               ; 1.00        ;
; Maximum used               ; 1           ;
;                            ;             ;
; Usage by Processor         ; % Time Used ;
;     Processor 1            ; 100.0%      ;
+----------------------------+-------------+


+-------------------------------+
; Analysis & Synthesis Messages ;
+-------------------------------+
Info: *******************************************************************
Info: Running Quartus Prime Analysis & Synthesis
    Info: Version 17.1.0 Build 590 10/25/2017 SJ Lite Edition
    Info: Processing started: Sat Apr 11 00:10:32 2020
Info: Command: quartus_map --read_settings_files=on --write_settings_files=off SportWatch -c SportWatch
Warning (18236): Number of processors has not been specified which may cause overloading on shared machines.  Set the global assignment NUM_PARALLEL_PROCESSORS in your QSF to an appropriate value for best performance.
Info (20030): Parallel compilation is enabled and will use 4 of the 4 processors detected
Info (12021): Found 2 design units, including 1 entities, in source file timer_module.vhd
    Info (12022): Found design unit 1: Timer_Module-Behavioral File: D:/intelFPGA_lite/program/sport_watch/Timer_Module.vhd Line: 27
    Info (12023): Found entity 1: Timer_Module File: D:/intelFPGA_lite/program/sport_watch/Timer_Module.vhd Line: 15
Info (12021): Found 2 design units, including 1 entities, in source file swatch_module.vhd
    Info (12022): Found design unit 1: Swatch_Module-Behavioral File: D:/intelFPGA_lite/program/sport_watch/Swatch_Module.vhd Line: 24
    Info (12023): Found entity 1: Swatch_Module File: D:/intelFPGA_lite/program/sport_watch/Swatch_Module.vhd Line: 14
Info (12021): Found 2 design units, including 0 entities, in source file ssd_pkg.vhd
    Info (12022): Found design unit 1: ssd_pkg File: D:/intelFPGA_lite/program/sport_watch/ssd_pkg.vhd Line: 15
    Info (12022): Found design unit 2: ssd_pkg-body File: D:/intelFPGA_lite/program/sport_watch/ssd_pkg.vhd Line: 43
Info (12021): Found 2 design units, including 1 entities, in source file ssd_mux.vhd
    Info (12022): Found design unit 1: SSD_Mux-Behavioral File: D:/intelFPGA_lite/program/sport_watch/SSD_Mux.vhd Line: 35
    Info (12023): Found entity 1: SSD_Mux File: D:/intelFPGA_lite/program/sport_watch/SSD_Mux.vhd Line: 24
Info (12021): Found 2 design units, including 1 entities, in source file ssd_blink.vhd
    Info (12022): Found design unit 1: SSD_Blink-Behavioral File: D:/intelFPGA_lite/program/sport_watch/SSD_Blink.vhd Line: 27
    Info (12023): Found entity 1: SSD_Blink File: D:/intelFPGA_lite/program/sport_watch/SSD_Blink.vhd Line: 15
Info (12021): Found 2 design units, including 1 entities, in source file sportwatch.vhd
    Info (12022): Found design unit 1: SportWatch-Behavioral File: D:/intelFPGA_lite/program/sport_watch/SportWatch.vhd Line: 27
    Info (12023): Found entity 1: SportWatch File: D:/intelFPGA_lite/program/sport_watch/SportWatch.vhd Line: 15
Info (12021): Found 2 design units, including 1 entities, in source file md_switch.vhd
    Info (12022): Found design unit 1: MD_Switch-Behavioral File: D:/intelFPGA_lite/program/sport_watch/MD_Switch.vhd Line: 27
    Info (12023): Found entity 1: MD_Switch File: D:/intelFPGA_lite/program/sport_watch/MD_Switch.vhd Line: 14
Info (12021): Found 2 design units, including 1 entities, in source file led_blink.vhd
    Info (12022): Found design unit 1: LED_Blink-Behavioral File: D:/intelFPGA_lite/program/sport_watch/LED_Blink.vhd Line: 21
    Info (12023): Found entity 1: LED_Blink File: D:/intelFPGA_lite/program/sport_watch/LED_Blink.vhd Line: 13
Info (12021): Found 2 design units, including 0 entities, in source file fsm_process_pkg.vhd
    Info (12022): Found design unit 1: FSM_process_pkg File: D:/intelFPGA_lite/program/sport_watch/FSM_process_pkg.vhd Line: 14
    Info (12022): Found design unit 2: FSM_process_pkg-body File: D:/intelFPGA_lite/program/sport_watch/FSM_process_pkg.vhd Line: 96
Info (12021): Found 2 design units, including 1 entities, in source file dbutton.vhd
    Info (12022): Found design unit 1: dButton-Behavioral File: D:/intelFPGA_lite/program/sport_watch/dButton.vhd Line: 39
    Info (12023): Found entity 1: dButton File: D:/intelFPGA_lite/program/sport_watch/dButton.vhd Line: 24
Info (12021): Found 2 design units, including 1 entities, in source file cac_module.vhd
    Info (12022): Found design unit 1: CAC_Module-Behavioral File: D:/intelFPGA_lite/program/sport_watch/CAC_Module.vhd Line: 33
    Info (12023): Found entity 1: CAC_Module File: D:/intelFPGA_lite/program/sport_watch/CAC_Module.vhd Line: 21
Info (12127): Elaborating entity "SportWatch" for the top level hierarchy
Info (12128): Elaborating entity "dButton" for hierarchy "dButton:btn1_ev" File: D:/intelFPGA_lite/program/sport_watch/SportWatch.vhd Line: 141
Info (12128): Elaborating entity "MD_Switch" for hierarchy "MD_Switch:switch" File: D:/intelFPGA_lite/program/sport_watch/SportWatch.vhd Line: 148
Info (12128): Elaborating entity "CAC_Module" for hierarchy "CAC_Module:cac_md" File: D:/intelFPGA_lite/program/sport_watch/SportWatch.vhd Line: 156
Info (12128): Elaborating entity "Swatch_Module" for hierarchy "Swatch_Module:swatch_md" File: D:/intelFPGA_lite/program/sport_watch/SportWatch.vhd Line: 161
Warning (10036): Verilog HDL or VHDL warning at Swatch_Module.vhd(81): object "lap_flag" assigned a value but never read File: D:/intelFPGA_lite/program/sport_watch/Swatch_Module.vhd Line: 81
Info (12128): Elaborating entity "Timer_Module" for hierarchy "Timer_Module:timer_md" File: D:/intelFPGA_lite/program/sport_watch/SportWatch.vhd Line: 165
Info (12128): Elaborating entity "SSD_Blink" for hierarchy "SSD_Blink:md_BLK_ssd" File: D:/intelFPGA_lite/program/sport_watch/SportWatch.vhd Line: 170
Error (10818): Can't infer register for "delay_cnt[0]" at SSD_Blink.vhd(83) because it does not hold its value outside the clock edge File: D:/intelFPGA_lite/program/sport_watch/SSD_Blink.vhd Line: 83
Info (10041): Inferred latch for "delay_cnt[0]" at SSD_Blink.vhd(83) File: D:/intelFPGA_lite/program/sport_watch/SSD_Blink.vhd Line: 83
Error (10818): Can't infer register for "delay_cnt[1]" at SSD_Blink.vhd(83) because it does not hold its value outside the clock edge File: D:/intelFPGA_lite/program/sport_watch/SSD_Blink.vhd Line: 83
Info (10041): Inferred latch for "delay_cnt[1]" at SSD_Blink.vhd(83) File: D:/intelFPGA_lite/program/sport_watch/SSD_Blink.vhd Line: 83
Error (10818): Can't infer register for "delay_cnt[2]" at SSD_Blink.vhd(83) because it does not hold its value outside the clock edge File: D:/intelFPGA_lite/program/sport_watch/SSD_Blink.vhd Line: 83
Info (10041): Inferred latch for "delay_cnt[2]" at SSD_Blink.vhd(83) File: D:/intelFPGA_lite/program/sport_watch/SSD_Blink.vhd Line: 83
Error (10818): Can't infer register for "delay_cnt[3]" at SSD_Blink.vhd(83) because it does not hold its value outside the clock edge File: D:/intelFPGA_lite/program/sport_watch/SSD_Blink.vhd Line: 83
Info (10041): Inferred latch for "delay_cnt[3]" at SSD_Blink.vhd(83) File: D:/intelFPGA_lite/program/sport_watch/SSD_Blink.vhd Line: 83
Error (10818): Can't infer register for "delay_cnt[4]" at SSD_Blink.vhd(83) because it does not hold its value outside the clock edge File: D:/intelFPGA_lite/program/sport_watch/SSD_Blink.vhd Line: 83
Info (10041): Inferred latch for "delay_cnt[4]" at SSD_Blink.vhd(83) File: D:/intelFPGA_lite/program/sport_watch/SSD_Blink.vhd Line: 83
Error (10822): HDL error at SSD_Blink.vhd(83): couldn't implement registers for assignments on this clock edge File: D:/intelFPGA_lite/program/sport_watch/SSD_Blink.vhd Line: 83
Error (12152): Can't elaborate user hierarchy "SSD_Blink:md_BLK_ssd" File: D:/intelFPGA_lite/program/sport_watch/SportWatch.vhd Line: 170
Error: Quartus Prime Analysis & Synthesis was unsuccessful. 7 errors, 2 warnings
    Error: Peak virtual memory: 698 megabytes
    Error: Processing ended: Sat Apr 11 00:10:43 2020
    Error: Elapsed time: 00:00:11
    Error: Total CPU time (on all processors): 00:00:25


